This is pdfTeX, Version 3.14159265-2.6-1.40.16 (TeX Live 2015/Debian) (preloaded format=pdflatex 2018.3.5)  5 MAR 2018 21:43
entering extended mode
 restricted \write18 enabled.
 %&-line parsing enabled.
**cs677_L10_scribe.tex
(./cs677_L10_scribe.tex
LaTeX2e <2016/02/01>
Babel <3.9q> and hyphenation patterns for 81 language(s) loaded.
(/usr/share/texlive/texmf-dist/tex/latex/base/article.cls
Document Class: article 2014/09/29 v1.4h Standard LaTeX document class
(/usr/share/texlive/texmf-dist/tex/latex/base/size10.clo
File: size10.clo 2014/09/29 v1.4h Standard LaTeX file (size option)
)
\c@part=\count79
\c@section=\count80
\c@subsection=\count81
\c@subsubsection=\count82
\c@paragraph=\count83
\c@subparagraph=\count84
\c@figure=\count85
\c@table=\count86
\abovecaptionskip=\skip41
\belowcaptionskip=\skip42
\bibindent=\dimen102
)
(/usr/share/texlive/texmf-dist/tex/latex/graphics/graphicx.sty
Package: graphicx 2014/10/28 v1.0g Enhanced LaTeX Graphics (DPC,SPQR)

(/usr/share/texlive/texmf-dist/tex/latex/graphics/keyval.sty
Package: keyval 2014/10/28 v1.15 key=value parser (DPC)
\KV@toks@=\toks14
)
(/usr/share/texlive/texmf-dist/tex/latex/graphics/graphics.sty
Package: graphics 2016/01/03 v1.0q Standard LaTeX Graphics (DPC,SPQR)

(/usr/share/texlive/texmf-dist/tex/latex/graphics/trig.sty
Package: trig 2016/01/03 v1.10 sin cos tan (DPC)
)
(/usr/share/texlive/texmf-dist/tex/latex/latexconfig/graphics.cfg
File: graphics.cfg 2010/04/23 v1.9 graphics configuration of TeX Live
)
Package graphics Info: Driver file: pdftex.def on input line 95.

(/usr/share/texlive/texmf-dist/tex/latex/pdftex-def/pdftex.def
File: pdftex.def 2011/05/27 v0.06d Graphics/color for pdfTeX

(/usr/share/texlive/texmf-dist/tex/generic/oberdiek/infwarerr.sty
Package: infwarerr 2010/04/08 v1.3 Providing info/warning/error messages (HO)
)
(/usr/share/texlive/texmf-dist/tex/generic/oberdiek/ltxcmds.sty
Package: ltxcmds 2011/11/09 v1.22 LaTeX kernel commands for general use (HO)
)
\Gread@gobject=\count87
))
\Gin@req@height=\dimen103
\Gin@req@width=\dimen104
)
(/usr/share/texlive/texmf-dist/tex/latex/url/url.sty
\Urlmuskip=\muskip10
Package: url 2013/09/16  ver 3.4  Verb mode for urls, etc.
)
\c@lecnum=\count88
\c@theorem=\count89
 (./cs677_L10_scribe.aux)
\openout1 = `cs677_L10_scribe.aux'.

LaTeX Font Info:    Checking defaults for OML/cmm/m/it on input line 108.
LaTeX Font Info:    ... okay on input line 108.
LaTeX Font Info:    Checking defaults for T1/cmr/m/n on input line 108.
LaTeX Font Info:    ... okay on input line 108.
LaTeX Font Info:    Checking defaults for OT1/cmr/m/n on input line 108.
LaTeX Font Info:    ... okay on input line 108.
LaTeX Font Info:    Checking defaults for OMS/cmsy/m/n on input line 108.
LaTeX Font Info:    ... okay on input line 108.
LaTeX Font Info:    Checking defaults for OMX/cmex/m/n on input line 108.
LaTeX Font Info:    ... okay on input line 108.
LaTeX Font Info:    Checking defaults for U/cmr/m/n on input line 108.
LaTeX Font Info:    ... okay on input line 108.

(/usr/share/texlive/texmf-dist/tex/context/base/supp-pdf.mkii
[Loading MPS to PDF converter (version 2006.09.02).]
\scratchcounter=\count90
\scratchdimen=\dimen105
\scratchbox=\box26
\nofMPsegments=\count91
\nofMParguments=\count92
\everyMPshowfont=\toks15
\MPscratchCnt=\count93
\MPscratchDim=\dimen106
\MPnumerator=\count94
\makeMPintoPDFobject=\count95
\everyMPtoPDFconversion=\toks16
) (/usr/share/texlive/texmf-dist/tex/generic/oberdiek/pdftexcmds.sty
Package: pdftexcmds 2011/11/29 v0.20 Utility functions of pdfTeX for LuaTeX (HO
)

(/usr/share/texlive/texmf-dist/tex/generic/oberdiek/ifluatex.sty
Package: ifluatex 2010/03/01 v1.3 Provides the ifluatex switch (HO)
Package ifluatex Info: LuaTeX not detected.
)
(/usr/share/texlive/texmf-dist/tex/generic/oberdiek/ifpdf.sty
Package: ifpdf 2011/01/30 v2.3 Provides the ifpdf switch (HO)
Package ifpdf Info: pdfTeX in PDF mode is detected.
)
Package pdftexcmds Info: LuaTeX not detected.
Package pdftexcmds Info: \pdf@primitive is available.
Package pdftexcmds Info: \pdf@ifprimitive is available.
Package pdftexcmds Info: \pdfdraftmode found.
)
(/usr/share/texlive/texmf-dist/tex/latex/oberdiek/epstopdf-base.sty
Package: epstopdf-base 2010/02/09 v2.5 Base part for package epstopdf

(/usr/share/texlive/texmf-dist/tex/latex/oberdiek/grfext.sty
Package: grfext 2010/08/19 v1.1 Manage graphics extensions (HO)

(/usr/share/texlive/texmf-dist/tex/generic/oberdiek/kvdefinekeys.sty
Package: kvdefinekeys 2011/04/07 v1.3 Define keys (HO)
))
(/usr/share/texlive/texmf-dist/tex/latex/oberdiek/kvoptions.sty
Package: kvoptions 2011/06/30 v3.11 Key value format for package options (HO)

(/usr/share/texlive/texmf-dist/tex/generic/oberdiek/kvsetkeys.sty
Package: kvsetkeys 2012/04/25 v1.16 Key value parser (HO)

(/usr/share/texlive/texmf-dist/tex/generic/oberdiek/etexcmds.sty
Package: etexcmds 2011/02/16 v1.5 Avoid name clashes with e-TeX commands (HO)
Package etexcmds Info: Could not find \expanded.
(etexcmds)             That can mean that you are not using pdfTeX 1.50 or
(etexcmds)             that some package has redefined \expanded.
(etexcmds)             In the latter case, load this package earlier.
)))
Package grfext Info: Graphics extension search list:
(grfext)             [.png,.pdf,.jpg,.mps,.jpeg,.jbig2,.jb2,.PNG,.PDF,.JPG,.JPE
G,.JBIG2,.JB2,.eps]
(grfext)             \AppendGraphicsExtensions on input line 452.

(/usr/share/texlive/texmf-dist/tex/latex/latexconfig/epstopdf-sys.cfg
File: epstopdf-sys.cfg 2010/07/13 v1.3 Configuration of (r)epstopdf for TeX Liv
e
))
<Selection_001.png, id=1, 705.63625pt x 334.24875pt>
File: Selection_001.png Graphic file (type png)
 <use Selection_001.png>
Package pdftex.def Info: Selection_001.png used on input line 130.
(pdftex.def)             Requested size: 426.78743pt x 170.7196pt.

<Selection_002.png, id=2, 853.1875pt x 375.4025pt>
File: Selection_002.png Graphic file (type png)
 <use Selection_002.png>
Package pdftex.def Info: Selection_002.png used on input line 131.
(pdftex.def)             Requested size: 426.801pt x 170.71675pt.

<Selection_003.png, id=3, 951.555pt x 370.38374pt>
File: Selection_003.png Graphic file (type png)
 <use Selection_003.png>
Package pdftex.def Info: Selection_003.png used on input line 132.
(pdftex.def)             Requested size: 426.7874pt x 170.71768pt.
LaTeX Font Info:    External font `cmex10' loaded for size
(Font)              <7> on input line 144.
LaTeX Font Info:    External font `cmex10' loaded for size
(Font)              <5> on input line 144.

[1

{/var/lib/texmf/fonts/map/pdftex/updmap/pdftex.map}] [2 <./Selection_001.png> <
./Selection_002.png> <./Selection_003.png>] [3]
<Selection_004.png, id=23, 477.785pt x 335.2525pt>
File: Selection_004.png Graphic file (type png)
 <use Selection_004.png>
Package pdftex.def Info: Selection_004.png used on input line 171.
(pdftex.def)             Requested size: 426.78746pt x 170.71562pt.

<Selection_005.png, id=24, 558.085pt x 362.35374pt>
File: Selection_005.png Graphic file (type png)
 <use Selection_005.png>
Package pdftex.def Info: Selection_005.png used on input line 184.
(pdftex.def)             Requested size: 341.44472pt x 170.71542pt.

Underfull \vbox (badness 10000) has occurred while \output is active []

 [4 <./Selection_004.png>] [5 <./Selection_005.png>]
<Class_Diagram_1.png, id=31, 1907.125pt x 2348.775pt>
File: Class_Diagram_1.png Graphic file (type png)

<use Class_Diagram_1.png>
Package pdftex.def Info: Class_Diagram_1.png used on input line 218.
(pdftex.def)             Requested size: 286.05641pt x 352.30106pt.
 [6 <./Class_Diagram_1.png>]
<Selection_006.png, id=35, 696.6025pt x 271.0125pt>
File: Selection_006.png Graphic file (type png)
 <use Selection_006.png>
Package pdftex.def Info: Selection_006.png used on input line 228.
(pdftex.def)             Requested size: 348.3004pt x 135.5059pt.

<Selection_007.png, id=36, 697.60625pt x 272.01625pt>
File: Selection_007.png Graphic file (type png)
 <use Selection_007.png>
Package pdftex.def Info: Selection_007.png used on input line 243.
(pdftex.def)             Requested size: 348.80226pt x 136.00778pt.


LaTeX Warning: `!h' float specifier changed to `!ht'.

<Class_Diagram_2.png, id=37, 2425.06pt x 1477.52pt>
File: Class_Diagram_2.png Graphic file (type png)
 <use Class_Diagram_2.png>
Package pdftex.def Info: Class_Diagram_2.png used on input line 249.
(pdftex.def)             Requested size: 363.7433pt x 221.61844pt.


LaTeX Warning: `!h' float specifier changed to `!ht'.


Underfull \vbox (badness 1067) has occurred while \output is active []

 [7 <./Selection_006.png>] <Selection_008.png, id=42, 762.85pt x 283.0575pt>
File: Selection_008.png Graphic file (type png)

<use Selection_008.png>
Package pdftex.def Info: Selection_008.png used on input line 270.
(pdftex.def)             Requested size: 381.42407pt x 141.5284pt.
 [8 <./Selection_007.png> <./Class_Diagram_2.png>]
[9 <./Selection_008.png>] (./cs677_L10_scribe.aux) ) 
Here is how much of TeX's memory you used:
 1632 strings out of 493029
 23371 string characters out of 6136235
 84461 words of memory out of 5000000
 5169 multiletter control sequences out of 15000+600000
 6216 words of font info for 22 fonts, out of 8000000 for 9000
 1141 hyphenation exceptions out of 8191
 37i,7n,23p,1265b,281s stack positions out of 5000i,500n,10000p,200000b,80000s
</usr/share/texlive/texmf-d
ist/fonts/type1/public/amsfonts/cm/cmbx10.pfb></usr/share/texlive/texmf-dist/fo
nts/type1/public/amsfonts/cm/cmbx12.pfb></usr/share/texlive/texmf-dist/fonts/ty
pe1/public/amsfonts/cm/cmbxti10.pfb></usr/share/texlive/texmf-dist/fonts/type1/
public/amsfonts/cm/cmmi10.pfb></usr/share/texlive/texmf-dist/fonts/type1/public
/amsfonts/cm/cmr10.pfb></usr/share/texlive/texmf-dist/fonts/type1/public/amsfon
ts/cm/cmr12.pfb></usr/share/texlive/texmf-dist/fonts/type1/public/amsfonts/cm/c
msl10.pfb></usr/share/texlive/texmf-dist/fonts/type1/public/amsfonts/cm/cmti10.
pfb>
Output written on cs677_L10_scribe.pdf (9 pages, 640855 bytes).
PDF statistics:
 76 PDF objects out of 1000 (max. 8388607)
 46 compressed objects within 1 object stream
 0 named destinations out of 1000 (max. 500000)
 51 words of extra memory for PDF output out of 10000 (max. 10000000)

